[2019-09-20 21:50:27] INFO  org.springframework.boot.StartupInfoLogger 50 logStarting - Starting SpringbootApplication on Lenovo-PC with PID 13100 (E:\BaiduNetdiskDownload\springboot\target\classes started by Lenovo in E:\BaiduNetdiskDownload\springboot)
[2019-09-20 21:50:27] INFO  org.springframework.boot.SpringApplication 648 logStartupProfileInfo - No active profile set, falling back to default profiles: default
[2019-09-20 21:50:29] INFO  org.springframework.boot.web.embedded.tomcat.TomcatWebServer 90 initialize - Tomcat initialized with port(s): 9090 (http)
[2019-09-20 21:50:29] INFO  org.apache.juli.logging.DirectJDKLog 173 log - Starting service [Tomcat]
[2019-09-20 21:50:29] INFO  org.apache.juli.logging.DirectJDKLog 173 log - Starting Servlet engine: [Apache Tomcat/9.0.24]
[2019-09-20 21:50:30] INFO  org.apache.juli.logging.DirectJDKLog 173 log - At least one JAR was scanned for TLDs yet contained no TLDs. Enable debug logging for this logger for a complete list of JARs that were scanned but no TLDs were found in them. Skipping unneeded JARs during scanning can improve startup time and JSP compilation time.
[2019-09-20 21:50:30] INFO  org.apache.juli.logging.DirectJDKLog 173 log - Initializing Spring embedded WebApplicationContext
[2019-09-20 21:50:30] INFO  org.springframework.boot.web.servlet.context.ServletWebServerApplicationContext 284 prepareWebApplicationContext - Root WebApplicationContext: initialization completed in 2887 ms
[2019-09-20 21:50:30] INFO  org.springframework.scheduling.concurrent.ExecutorConfigurationSupport 171 initialize - Initializing ExecutorService 'applicationTaskExecutor'
[2019-09-20 21:50:31] INFO  org.springframework.boot.web.embedded.tomcat.TomcatWebServer 202 start - Tomcat started on port(s): 9090 (http) with context path ''
[2019-09-20 21:50:31] INFO  org.springframework.boot.StartupInfoLogger 59 logStarted - Started SpringbootApplication in 5.507 seconds (JVM running for 7.232)
[2019-09-20 21:53:23] INFO  org.springframework.scheduling.concurrent.ExecutorConfigurationSupport 208 shutdown - Shutting down ExecutorService 'applicationTaskExecutor'
[2019-09-20 21:54:02] INFO  org.springframework.boot.StartupInfoLogger 50 logStarting - Starting SpringbootApplication on Lenovo-PC with PID 11272 (E:\BaiduNetdiskDownload\springboot\target\classes started by Lenovo in E:\BaiduNetdiskDownload\springboot)
[2019-09-20 21:54:02] INFO  org.springframework.boot.SpringApplication 648 logStartupProfileInfo - No active profile set, falling back to default profiles: default
[2019-09-20 21:54:04] INFO  org.springframework.boot.web.embedded.tomcat.TomcatWebServer 90 initialize - Tomcat initialized with port(s): 9090 (http)
[2019-09-20 21:54:05] INFO  org.apache.juli.logging.DirectJDKLog 173 log - Starting service [Tomcat]
[2019-09-20 21:54:05] INFO  org.apache.juli.logging.DirectJDKLog 173 log - Starting Servlet engine: [Apache Tomcat/9.0.24]
[2019-09-20 21:54:05] INFO  org.apache.juli.logging.DirectJDKLog 173 log - At least one JAR was scanned for TLDs yet contained no TLDs. Enable debug logging for this logger for a complete list of JARs that were scanned but no TLDs were found in them. Skipping unneeded JARs during scanning can improve startup time and JSP compilation time.
[2019-09-20 21:54:05] INFO  org.apache.juli.logging.DirectJDKLog 173 log - Initializing Spring embedded WebApplicationContext
[2019-09-20 21:54:05] INFO  org.springframework.boot.web.servlet.context.ServletWebServerApplicationContext 284 prepareWebApplicationContext - Root WebApplicationContext: initialization completed in 2605 ms
[2019-09-20 21:54:06] INFO  org.springframework.scheduling.concurrent.ExecutorConfigurationSupport 171 initialize - Initializing ExecutorService 'applicationTaskExecutor'
[2019-09-20 21:54:06] INFO  org.springframework.boot.web.embedded.tomcat.TomcatWebServer 202 start - Tomcat started on port(s): 9090 (http) with context path ''
[2019-09-20 21:54:06] INFO  org.springframework.boot.StartupInfoLogger 59 logStarted - Started SpringbootApplication in 6.977 seconds (JVM running for 9.069)
[2019-09-20 21:54:33] INFO  org.apache.juli.logging.DirectJDKLog 173 log - Initializing Spring DispatcherServlet 'dispatcherServlet'
[2019-09-20 21:54:33] INFO  org.springframework.web.servlet.FrameworkServlet 524 initServletBean - Initializing Servlet 'dispatcherServlet'
[2019-09-20 21:54:33] INFO  org.springframework.web.servlet.FrameworkServlet 546 initServletBean - Completed initialization in 20 ms
[2019-09-20 21:54:33] INFO  com.base.springboot.controller.Admin.UserController 40 insertUser - info==============
[2019-09-20 21:54:33] INFO  com.alibaba.druid.pool.DruidDataSource 914 init - {dataSource-1} inited
[2019-09-20 21:55:05] INFO  org.springframework.scheduling.concurrent.ExecutorConfigurationSupport 208 shutdown - Shutting down ExecutorService 'applicationTaskExecutor'
[2019-09-20 21:55:05] INFO  com.alibaba.druid.pool.DruidDataSource 1689 close - {dataSource-1} closed
[2019-09-20 21:55:14] INFO  org.springframework.boot.StartupInfoLogger 50 logStarting - Starting SpringbootApplication on Lenovo-PC with PID 1144 (E:\BaiduNetdiskDownload\springboot\target\classes started by Lenovo in E:\BaiduNetdiskDownload\springboot)
[2019-09-20 21:55:14] INFO  org.springframework.boot.SpringApplication 648 logStartupProfileInfo - No active profile set, falling back to default profiles: default
[2019-09-20 21:55:17] INFO  org.springframework.boot.web.embedded.tomcat.TomcatWebServer 90 initialize - Tomcat initialized with port(s): 9090 (http)
[2019-09-20 21:55:17] INFO  org.apache.juli.logging.DirectJDKLog 173 log - Starting service [Tomcat]
[2019-09-20 21:55:17] INFO  org.apache.juli.logging.DirectJDKLog 173 log - Starting Servlet engine: [Apache Tomcat/9.0.24]
[2019-09-20 21:55:17] INFO  org.apache.juli.logging.DirectJDKLog 173 log - At least one JAR was scanned for TLDs yet contained no TLDs. Enable debug logging for this logger for a complete list of JARs that were scanned but no TLDs were found in them. Skipping unneeded JARs during scanning can improve startup time and JSP compilation time.
[2019-09-20 21:55:17] INFO  org.apache.juli.logging.DirectJDKLog 173 log - Initializing Spring embedded WebApplicationContext
[2019-09-20 21:55:17] INFO  org.springframework.boot.web.servlet.context.ServletWebServerApplicationContext 284 prepareWebApplicationContext - Root WebApplicationContext: initialization completed in 2547 ms
[2019-09-20 21:55:18] INFO  org.springframework.scheduling.concurrent.ExecutorConfigurationSupport 171 initialize - Initializing ExecutorService 'applicationTaskExecutor'
[2019-09-20 21:55:18] INFO  org.springframework.boot.web.embedded.tomcat.TomcatWebServer 202 start - Tomcat started on port(s): 9090 (http) with context path ''
[2019-09-20 21:55:18] INFO  org.springframework.boot.StartupInfoLogger 59 logStarted - Started SpringbootApplication in 6.434 seconds (JVM running for 8.296)
[2019-09-20 21:55:37] INFO  org.apache.juli.logging.DirectJDKLog 173 log - Initializing Spring DispatcherServlet 'dispatcherServlet'
[2019-09-20 21:55:37] INFO  org.springframework.web.servlet.FrameworkServlet 524 initServletBean - Initializing Servlet 'dispatcherServlet'
[2019-09-20 21:55:37] INFO  org.springframework.web.servlet.FrameworkServlet 546 initServletBean - Completed initialization in 27 ms
[2019-09-20 21:55:37] INFO  com.base.springboot.controller.Admin.UserController 40 insertUser - info==============
[2019-09-20 21:55:37] INFO  com.alibaba.druid.pool.DruidDataSource 914 init - {dataSource-1} inited
[2019-09-20 21:56:22] INFO  org.springframework.scheduling.concurrent.ExecutorConfigurationSupport 208 shutdown - Shutting down ExecutorService 'applicationTaskExecutor'
[2019-09-20 21:56:22] INFO  com.alibaba.druid.pool.DruidDataSource 1689 close - {dataSource-1} closed
[2019-09-20 21:56:33] INFO  org.springframework.boot.StartupInfoLogger 50 logStarting - Starting SpringbootApplication on Lenovo-PC with PID 9160 (E:\BaiduNetdiskDownload\springboot\target\classes started by Lenovo in E:\BaiduNetdiskDownload\springboot)
[2019-09-20 21:56:33] INFO  org.springframework.boot.SpringApplication 648 logStartupProfileInfo - No active profile set, falling back to default profiles: default
[2019-09-20 21:56:35] INFO  org.springframework.boot.web.embedded.tomcat.TomcatWebServer 90 initialize - Tomcat initialized with port(s): 9090 (http)
[2019-09-20 21:56:35] INFO  org.apache.juli.logging.DirectJDKLog 173 log - Starting service [Tomcat]
[2019-09-20 21:56:35] INFO  org.apache.juli.logging.DirectJDKLog 173 log - Starting Servlet engine: [Apache Tomcat/9.0.24]
[2019-09-20 21:56:35] INFO  org.apache.juli.logging.DirectJDKLog 173 log - At least one JAR was scanned for TLDs yet contained no TLDs. Enable debug logging for this logger for a complete list of JARs that were scanned but no TLDs were found in them. Skipping unneeded JARs during scanning can improve startup time and JSP compilation time.
[2019-09-20 21:56:35] INFO  org.apache.juli.logging.DirectJDKLog 173 log - Initializing Spring embedded WebApplicationContext
[2019-09-20 21:56:35] INFO  org.springframework.boot.web.servlet.context.ServletWebServerApplicationContext 284 prepareWebApplicationContext - Root WebApplicationContext: initialization completed in 2572 ms
[2019-09-20 21:56:36] INFO  org.springframework.scheduling.concurrent.ExecutorConfigurationSupport 171 initialize - Initializing ExecutorService 'applicationTaskExecutor'
[2019-09-20 21:56:37] INFO  org.springframework.boot.web.embedded.tomcat.TomcatWebServer 202 start - Tomcat started on port(s): 9090 (http) with context path ''
[2019-09-20 21:56:37] INFO  org.springframework.boot.StartupInfoLogger 59 logStarted - Started SpringbootApplication in 6.241 seconds (JVM running for 8.199)
[2019-09-20 21:56:45] INFO  org.apache.juli.logging.DirectJDKLog 173 log - Initializing Spring DispatcherServlet 'dispatcherServlet'
[2019-09-20 21:56:45] INFO  org.springframework.web.servlet.FrameworkServlet 524 initServletBean - Initializing Servlet 'dispatcherServlet'
[2019-09-20 21:56:45] INFO  org.springframework.web.servlet.FrameworkServlet 546 initServletBean - Completed initialization in 15 ms
[2019-09-20 21:56:45] INFO  com.base.springboot.controller.Admin.UserController 40 insertUser - info==============
[2019-09-20 21:56:45] INFO  com.alibaba.druid.pool.DruidDataSource 914 init - {dataSource-1} inited
[2019-09-20 22:09:31] INFO  org.springframework.scheduling.concurrent.ExecutorConfigurationSupport 208 shutdown - Shutting down ExecutorService 'applicationTaskExecutor'
[2019-09-20 22:09:31] INFO  com.alibaba.druid.pool.DruidDataSource 1689 close - {dataSource-1} closed
[2019-09-20 22:09:40] INFO  org.springframework.boot.StartupInfoLogger 50 logStarting - Starting SpringbootApplication on Lenovo-PC with PID 11236 (E:\BaiduNetdiskDownload\springboot\target\classes started by Lenovo in E:\BaiduNetdiskDownload\springboot)
[2019-09-20 22:09:40] INFO  org.springframework.boot.SpringApplication 648 logStartupProfileInfo - No active profile set, falling back to default profiles: default
[2019-09-20 22:09:42] INFO  org.springframework.boot.web.embedded.tomcat.TomcatWebServer 90 initialize - Tomcat initialized with port(s): 9090 (http)
[2019-09-20 22:09:42] INFO  org.apache.juli.logging.DirectJDKLog 173 log - Starting service [Tomcat]
[2019-09-20 22:09:42] INFO  org.apache.juli.logging.DirectJDKLog 173 log - Starting Servlet engine: [Apache Tomcat/9.0.24]
[2019-09-20 22:09:43] INFO  org.apache.juli.logging.DirectJDKLog 173 log - At least one JAR was scanned for TLDs yet contained no TLDs. Enable debug logging for this logger for a complete list of JARs that were scanned but no TLDs were found in them. Skipping unneeded JARs during scanning can improve startup time and JSP compilation time.
[2019-09-20 22:09:43] INFO  org.apache.juli.logging.DirectJDKLog 173 log - Initializing Spring embedded WebApplicationContext
[2019-09-20 22:09:43] INFO  org.springframework.boot.web.servlet.context.ServletWebServerApplicationContext 284 prepareWebApplicationContext - Root WebApplicationContext: initialization completed in 2357 ms
[2019-09-20 22:09:43] INFO  org.springframework.scheduling.concurrent.ExecutorConfigurationSupport 171 initialize - Initializing ExecutorService 'applicationTaskExecutor'
[2019-09-20 22:09:44] INFO  org.springframework.boot.web.embedded.tomcat.TomcatWebServer 202 start - Tomcat started on port(s): 9090 (http) with context path ''
[2019-09-20 22:09:44] INFO  org.springframework.boot.StartupInfoLogger 59 logStarted - Started SpringbootApplication in 4.594 seconds (JVM running for 6.219)
[2019-09-20 22:28:02] INFO  org.springframework.scheduling.concurrent.ExecutorConfigurationSupport 208 shutdown - Shutting down ExecutorService 'applicationTaskExecutor'
[2019-09-20 22:32:32] INFO  org.springframework.boot.StartupInfoLogger 50 logStarting - Starting SpringbootApplication on Lenovo-PC with PID 2124 (E:\BaiduNetdiskDownload\springboot\target\classes started by Lenovo in E:\BaiduNetdiskDownload\springboot)
[2019-09-20 22:32:32] INFO  org.springframework.boot.SpringApplication 648 logStartupProfileInfo - No active profile set, falling back to default profiles: default
[2019-09-20 22:32:34] INFO  org.springframework.boot.web.embedded.tomcat.TomcatWebServer 90 initialize - Tomcat initialized with port(s): 9090 (http)
[2019-09-20 22:32:34] INFO  org.apache.juli.logging.DirectJDKLog 173 log - Starting service [Tomcat]
[2019-09-20 22:32:34] INFO  org.apache.juli.logging.DirectJDKLog 173 log - Starting Servlet engine: [Apache Tomcat/9.0.24]
[2019-09-20 22:32:35] INFO  org.apache.juli.logging.DirectJDKLog 173 log - At least one JAR was scanned for TLDs yet contained no TLDs. Enable debug logging for this logger for a complete list of JARs that were scanned but no TLDs were found in them. Skipping unneeded JARs during scanning can improve startup time and JSP compilation time.
[2019-09-20 22:32:35] INFO  org.apache.juli.logging.DirectJDKLog 173 log - Initializing Spring embedded WebApplicationContext
[2019-09-20 22:32:35] INFO  org.springframework.boot.web.servlet.context.ServletWebServerApplicationContext 284 prepareWebApplicationContext - Root WebApplicationContext: initialization completed in 2647 ms
[2019-09-20 22:32:36] INFO  org.springframework.scheduling.concurrent.ExecutorConfigurationSupport 171 initialize - Initializing ExecutorService 'applicationTaskExecutor'
[2019-09-20 22:32:36] INFO  org.springframework.boot.web.embedded.tomcat.TomcatWebServer 202 start - Tomcat started on port(s): 9090 (http) with context path ''
[2019-09-20 22:32:36] INFO  org.springframework.boot.StartupInfoLogger 59 logStarted - Started SpringbootApplication in 4.832 seconds (JVM running for 6.568)
[2019-09-20 22:32:46] INFO  org.apache.juli.logging.DirectJDKLog 173 log - Initializing Spring DispatcherServlet 'dispatcherServlet'
[2019-09-20 22:32:46] INFO  org.springframework.web.servlet.FrameworkServlet 524 initServletBean - Initializing Servlet 'dispatcherServlet'
[2019-09-20 22:32:46] INFO  org.springframework.web.servlet.FrameworkServlet 546 initServletBean - Completed initialization in 15 ms
[2019-09-20 22:32:46] INFO  com.base.springboot.controller.Admin.UserController 40 insertUser - info==============
[2019-09-20 22:32:46] INFO  com.alibaba.druid.pool.DruidDataSource 914 init - {dataSource-1} inited
[2019-09-20 22:33:35] INFO  org.springframework.scheduling.concurrent.ExecutorConfigurationSupport 208 shutdown - Shutting down ExecutorService 'applicationTaskExecutor'
[2019-09-20 22:33:36] INFO  com.alibaba.druid.pool.DruidDataSource 1689 close - {dataSource-1} closed
[2019-09-20 22:33:51] INFO  org.springframework.boot.StartupInfoLogger 50 logStarting - Starting SpringbootApplication on Lenovo-PC with PID 5752 (E:\BaiduNetdiskDownload\springboot\target\classes started by Lenovo in E:\BaiduNetdiskDownload\springboot)
[2019-09-20 22:33:51] INFO  org.springframework.boot.SpringApplication 648 logStartupProfileInfo - No active profile set, falling back to default profiles: default
[2019-09-20 22:33:54] INFO  org.springframework.boot.web.embedded.tomcat.TomcatWebServer 90 initialize - Tomcat initialized with port(s): 9090 (http)
[2019-09-20 22:33:54] INFO  org.apache.juli.logging.DirectJDKLog 173 log - Starting service [Tomcat]
[2019-09-20 22:33:54] INFO  org.apache.juli.logging.DirectJDKLog 173 log - Starting Servlet engine: [Apache Tomcat/9.0.24]
[2019-09-20 22:33:54] INFO  org.apache.juli.logging.DirectJDKLog 173 log - At least one JAR was scanned for TLDs yet contained no TLDs. Enable debug logging for this logger for a complete list of JARs that were scanned but no TLDs were found in them. Skipping unneeded JARs during scanning can improve startup time and JSP compilation time.
[2019-09-20 22:33:54] INFO  org.apache.juli.logging.DirectJDKLog 173 log - Initializing Spring embedded WebApplicationContext
[2019-09-20 22:33:54] INFO  org.springframework.boot.web.servlet.context.ServletWebServerApplicationContext 284 prepareWebApplicationContext - Root WebApplicationContext: initialization completed in 2554 ms
[2019-09-20 22:33:55] INFO  org.springframework.scheduling.concurrent.ExecutorConfigurationSupport 171 initialize - Initializing ExecutorService 'applicationTaskExecutor'
[2019-09-20 22:33:55] INFO  org.springframework.boot.web.embedded.tomcat.TomcatWebServer 202 start - Tomcat started on port(s): 9090 (http) with context path ''
[2019-09-20 22:33:55] INFO  org.springframework.boot.StartupInfoLogger 59 logStarted - Started SpringbootApplication in 5.352 seconds (JVM running for 6.968)
[2019-09-20 22:34:14] INFO  org.apache.juli.logging.DirectJDKLog 173 log - Initializing Spring DispatcherServlet 'dispatcherServlet'
[2019-09-20 22:34:14] INFO  org.springframework.web.servlet.FrameworkServlet 524 initServletBean - Initializing Servlet 'dispatcherServlet'
[2019-09-20 22:34:14] INFO  org.springframework.web.servlet.FrameworkServlet 546 initServletBean - Completed initialization in 12 ms
[2019-09-20 22:34:14] INFO  com.base.springboot.controller.Admin.UserController 40 insertUser - info==============
[2019-09-20 22:34:14] INFO  com.alibaba.druid.pool.DruidDataSource 914 init - {dataSource-1} inited
[2019-09-20 22:34:34] INFO  org.springframework.scheduling.concurrent.ExecutorConfigurationSupport 208 shutdown - Shutting down ExecutorService 'applicationTaskExecutor'
[2019-09-20 22:34:34] INFO  com.alibaba.druid.pool.DruidDataSource 1689 close - {dataSource-1} closed
[2019-09-20 22:34:44] INFO  org.springframework.boot.StartupInfoLogger 50 logStarting - Starting SpringbootApplication on Lenovo-PC with PID 12544 (E:\BaiduNetdiskDownload\springboot\target\classes started by Lenovo in E:\BaiduNetdiskDownload\springboot)
[2019-09-20 22:34:44] INFO  org.springframework.boot.SpringApplication 648 logStartupProfileInfo - No active profile set, falling back to default profiles: default
[2019-09-20 22:34:46] INFO  org.springframework.boot.web.embedded.tomcat.TomcatWebServer 90 initialize - Tomcat initialized with port(s): 9090 (http)
[2019-09-20 22:34:46] INFO  org.apache.juli.logging.DirectJDKLog 173 log - Starting service [Tomcat]
[2019-09-20 22:34:46] INFO  org.apache.juli.logging.DirectJDKLog 173 log - Starting Servlet engine: [Apache Tomcat/9.0.24]
[2019-09-20 22:34:46] INFO  org.apache.juli.logging.DirectJDKLog 173 log - At least one JAR was scanned for TLDs yet contained no TLDs. Enable debug logging for this logger for a complete list of JARs that were scanned but no TLDs were found in them. Skipping unneeded JARs during scanning can improve startup time and JSP compilation time.
[2019-09-20 22:34:46] INFO  org.apache.juli.logging.DirectJDKLog 173 log - Initializing Spring embedded WebApplicationContext
[2019-09-20 22:34:46] INFO  org.springframework.boot.web.servlet.context.ServletWebServerApplicationContext 284 prepareWebApplicationContext - Root WebApplicationContext: initialization completed in 2351 ms
[2019-09-20 22:34:47] INFO  org.springframework.scheduling.concurrent.ExecutorConfigurationSupport 171 initialize - Initializing ExecutorService 'applicationTaskExecutor'
[2019-09-20 22:34:47] INFO  org.springframework.boot.web.embedded.tomcat.TomcatWebServer 202 start - Tomcat started on port(s): 9090 (http) with context path ''
[2019-09-20 22:34:47] INFO  org.springframework.boot.StartupInfoLogger 59 logStarted - Started SpringbootApplication in 4.655 seconds (JVM running for 6.202)
[2019-09-20 22:35:15] INFO  org.apache.juli.logging.DirectJDKLog 173 log - Initializing Spring DispatcherServlet 'dispatcherServlet'
[2019-09-20 22:35:15] INFO  org.springframework.web.servlet.FrameworkServlet 524 initServletBean - Initializing Servlet 'dispatcherServlet'
[2019-09-20 22:35:15] INFO  org.springframework.web.servlet.FrameworkServlet 546 initServletBean - Completed initialization in 13 ms
[2019-09-20 22:35:15] INFO  com.base.springboot.controller.Admin.UserController 40 insertUser - info==============
[2019-09-20 22:35:15] INFO  com.alibaba.druid.pool.DruidDataSource 914 init - {dataSource-1} inited
[2019-09-20 22:35:36] INFO  org.springframework.scheduling.concurrent.ExecutorConfigurationSupport 208 shutdown - Shutting down ExecutorService 'applicationTaskExecutor'
[2019-09-20 22:35:36] INFO  com.alibaba.druid.pool.DruidDataSource 1689 close - {dataSource-1} closed
[2019-09-20 22:35:46] INFO  org.springframework.boot.StartupInfoLogger 50 logStarting - Starting SpringbootApplication on Lenovo-PC with PID 5464 (E:\BaiduNetdiskDownload\springboot\target\classes started by Lenovo in E:\BaiduNetdiskDownload\springboot)
[2019-09-20 22:35:46] INFO  org.springframework.boot.SpringApplication 648 logStartupProfileInfo - No active profile set, falling back to default profiles: default
[2019-09-20 22:35:48] INFO  org.springframework.boot.web.embedded.tomcat.TomcatWebServer 90 initialize - Tomcat initialized with port(s): 9090 (http)
[2019-09-20 22:35:48] INFO  org.apache.juli.logging.DirectJDKLog 173 log - Starting service [Tomcat]
[2019-09-20 22:35:48] INFO  org.apache.juli.logging.DirectJDKLog 173 log - Starting Servlet engine: [Apache Tomcat/9.0.24]
[2019-09-20 22:35:48] INFO  org.apache.juli.logging.DirectJDKLog 173 log - At least one JAR was scanned for TLDs yet contained no TLDs. Enable debug logging for this logger for a complete list of JARs that were scanned but no TLDs were found in them. Skipping unneeded JARs during scanning can improve startup time and JSP compilation time.
[2019-09-20 22:35:48] INFO  org.apache.juli.logging.DirectJDKLog 173 log - Initializing Spring embedded WebApplicationContext
[2019-09-20 22:35:48] INFO  org.springframework.boot.web.servlet.context.ServletWebServerApplicationContext 284 prepareWebApplicationContext - Root WebApplicationContext: initialization completed in 2265 ms
[2019-09-20 22:35:49] INFO  org.springframework.scheduling.concurrent.ExecutorConfigurationSupport 171 initialize - Initializing ExecutorService 'applicationTaskExecutor'
[2019-09-20 22:35:49] INFO  org.springframework.boot.web.embedded.tomcat.TomcatWebServer 202 start - Tomcat started on port(s): 9090 (http) with context path ''
[2019-09-20 22:35:50] INFO  org.springframework.boot.StartupInfoLogger 59 logStarted - Started SpringbootApplication in 4.802 seconds (JVM running for 6.316)
[2019-09-20 22:36:02] INFO  org.apache.juli.logging.DirectJDKLog 173 log - Initializing Spring DispatcherServlet 'dispatcherServlet'
[2019-09-20 22:36:02] INFO  org.springframework.web.servlet.FrameworkServlet 524 initServletBean - Initializing Servlet 'dispatcherServlet'
[2019-09-20 22:36:02] INFO  org.springframework.web.servlet.FrameworkServlet 546 initServletBean - Completed initialization in 14 ms
[2019-09-20 22:36:02] INFO  com.base.springboot.controller.Admin.UserController 40 insertUser - info==============
[2019-09-20 22:36:02] INFO  com.alibaba.druid.pool.DruidDataSource 914 init - {dataSource-1} inited
[2019-09-20 22:36:28] INFO  com.base.springboot.controller.Admin.UserController 40 insertUser - info==============
[2019-09-20 22:36:56] INFO  org.springframework.scheduling.concurrent.ExecutorConfigurationSupport 208 shutdown - Shutting down ExecutorService 'applicationTaskExecutor'
[2019-09-20 22:36:56] INFO  com.alibaba.druid.pool.DruidDataSource 1689 close - {dataSource-1} closed
[2019-09-20 22:38:42] INFO  org.springframework.boot.StartupInfoLogger 50 logStarting - Starting SpringbootApplication on Lenovo-PC with PID 9812 (E:\BaiduNetdiskDownload\springboot\target\classes started by Lenovo in E:\BaiduNetdiskDownload\springboot)
[2019-09-20 22:38:42] INFO  org.springframework.boot.SpringApplication 648 logStartupProfileInfo - No active profile set, falling back to default profiles: default
[2019-09-20 22:38:44] INFO  org.springframework.boot.web.embedded.tomcat.TomcatWebServer 90 initialize - Tomcat initialized with port(s): 9090 (http)
[2019-09-20 22:38:44] INFO  org.apache.juli.logging.DirectJDKLog 173 log - Starting service [Tomcat]
[2019-09-20 22:38:44] INFO  org.apache.juli.logging.DirectJDKLog 173 log - Starting Servlet engine: [Apache Tomcat/9.0.24]
[2019-09-20 22:38:45] INFO  org.apache.juli.logging.DirectJDKLog 173 log - At least one JAR was scanned for TLDs yet contained no TLDs. Enable debug logging for this logger for a complete list of JARs that were scanned but no TLDs were found in them. Skipping unneeded JARs during scanning can improve startup time and JSP compilation time.
[2019-09-20 22:38:45] INFO  org.apache.juli.logging.DirectJDKLog 173 log - Initializing Spring embedded WebApplicationContext
[2019-09-20 22:38:45] INFO  org.springframework.boot.web.servlet.context.ServletWebServerApplicationContext 284 prepareWebApplicationContext - Root WebApplicationContext: initialization completed in 2569 ms
[2019-09-20 22:38:45] INFO  org.springframework.scheduling.concurrent.ExecutorConfigurationSupport 171 initialize - Initializing ExecutorService 'applicationTaskExecutor'
[2019-09-20 22:38:46] INFO  org.springframework.boot.web.embedded.tomcat.TomcatWebServer 202 start - Tomcat started on port(s): 9090 (http) with context path ''
[2019-09-20 22:38:46] INFO  org.springframework.boot.StartupInfoLogger 59 logStarted - Started SpringbootApplication in 4.532 seconds (JVM running for 6.535)
[2019-09-20 22:39:03] INFO  org.apache.juli.logging.DirectJDKLog 173 log - Initializing Spring DispatcherServlet 'dispatcherServlet'
[2019-09-20 22:39:03] INFO  org.springframework.web.servlet.FrameworkServlet 524 initServletBean - Initializing Servlet 'dispatcherServlet'
[2019-09-20 22:39:03] INFO  org.springframework.web.servlet.FrameworkServlet 546 initServletBean - Completed initialization in 18 ms
[2019-09-20 22:39:03] INFO  com.base.springboot.controller.Admin.UserController 40 insertUser - info==============
[2019-09-20 22:39:03] INFO  com.alibaba.druid.pool.DruidDataSource 914 init - {dataSource-1} inited
[2019-09-20 22:41:16] INFO  org.springframework.scheduling.concurrent.ExecutorConfigurationSupport 208 shutdown - Shutting down ExecutorService 'applicationTaskExecutor'
[2019-09-20 22:41:16] INFO  com.alibaba.druid.pool.DruidDataSource 1689 close - {dataSource-1} closed
[2019-09-20 22:41:27] INFO  org.springframework.boot.StartupInfoLogger 50 logStarting - Starting SpringbootApplication on Lenovo-PC with PID 11608 (E:\BaiduNetdiskDownload\springboot\target\classes started by Lenovo in E:\BaiduNetdiskDownload\springboot)
[2019-09-20 22:41:27] INFO  org.springframework.boot.SpringApplication 648 logStartupProfileInfo - No active profile set, falling back to default profiles: default
[2019-09-20 22:41:29] INFO  org.springframework.boot.web.embedded.tomcat.TomcatWebServer 90 initialize - Tomcat initialized with port(s): 9090 (http)
[2019-09-20 22:41:29] INFO  org.apache.juli.logging.DirectJDKLog 173 log - Starting service [Tomcat]
[2019-09-20 22:41:29] INFO  org.apache.juli.logging.DirectJDKLog 173 log - Starting Servlet engine: [Apache Tomcat/9.0.24]
[2019-09-20 22:41:29] INFO  org.apache.juli.logging.DirectJDKLog 173 log - At least one JAR was scanned for TLDs yet contained no TLDs. Enable debug logging for this logger for a complete list of JARs that were scanned but no TLDs were found in them. Skipping unneeded JARs during scanning can improve startup time and JSP compilation time.
[2019-09-20 22:41:29] INFO  org.apache.juli.logging.DirectJDKLog 173 log - Initializing Spring embedded WebApplicationContext
[2019-09-20 22:41:29] INFO  org.springframework.boot.web.servlet.context.ServletWebServerApplicationContext 284 prepareWebApplicationContext - Root WebApplicationContext: initialization completed in 2692 ms
[2019-09-20 22:41:30] INFO  org.springframework.scheduling.concurrent.ExecutorConfigurationSupport 171 initialize - Initializing ExecutorService 'applicationTaskExecutor'
[2019-09-20 22:41:31] INFO  org.springframework.boot.web.embedded.tomcat.TomcatWebServer 202 start - Tomcat started on port(s): 9090 (http) with context path ''
[2019-09-20 22:41:31] INFO  org.springframework.boot.StartupInfoLogger 59 logStarted - Started SpringbootApplication in 6.248 seconds (JVM running for 8.188)
[2019-09-20 22:41:38] INFO  org.apache.juli.logging.DirectJDKLog 173 log - Initializing Spring DispatcherServlet 'dispatcherServlet'
[2019-09-20 22:41:38] INFO  org.springframework.web.servlet.FrameworkServlet 524 initServletBean - Initializing Servlet 'dispatcherServlet'
[2019-09-20 22:41:38] INFO  org.springframework.web.servlet.FrameworkServlet 546 initServletBean - Completed initialization in 16 ms
[2019-09-20 22:41:38] INFO  com.base.springboot.controller.Admin.UserController 40 insertUser - info==============
[2019-09-20 22:41:38] INFO  com.alibaba.druid.pool.DruidDataSource 914 init - {dataSource-1} inited
[2019-09-20 22:42:11] INFO  org.springframework.scheduling.concurrent.ExecutorConfigurationSupport 208 shutdown - Shutting down ExecutorService 'applicationTaskExecutor'
[2019-09-20 22:42:11] INFO  com.alibaba.druid.pool.DruidDataSource 1689 close - {dataSource-1} closed
[2019-09-20 22:42:24] INFO  org.springframework.boot.StartupInfoLogger 50 logStarting - Starting SpringbootApplication on Lenovo-PC with PID 7804 (E:\BaiduNetdiskDownload\springboot\target\classes started by Lenovo in E:\BaiduNetdiskDownload\springboot)
[2019-09-20 22:42:24] INFO  org.springframework.boot.SpringApplication 648 logStartupProfileInfo - No active profile set, falling back to default profiles: default
[2019-09-20 22:42:27] INFO  org.springframework.boot.web.embedded.tomcat.TomcatWebServer 90 initialize - Tomcat initialized with port(s): 9090 (http)
[2019-09-20 22:42:27] INFO  org.apache.juli.logging.DirectJDKLog 173 log - Starting service [Tomcat]
[2019-09-20 22:42:27] INFO  org.apache.juli.logging.DirectJDKLog 173 log - Starting Servlet engine: [Apache Tomcat/9.0.24]
[2019-09-20 22:42:27] INFO  org.apache.juli.logging.DirectJDKLog 173 log - At least one JAR was scanned for TLDs yet contained no TLDs. Enable debug logging for this logger for a complete list of JARs that were scanned but no TLDs were found in them. Skipping unneeded JARs during scanning can improve startup time and JSP compilation time.
[2019-09-20 22:42:27] INFO  org.apache.juli.logging.DirectJDKLog 173 log - Initializing Spring embedded WebApplicationContext
[2019-09-20 22:42:27] INFO  org.springframework.boot.web.servlet.context.ServletWebServerApplicationContext 284 prepareWebApplicationContext - Root WebApplicationContext: initialization completed in 2750 ms
[2019-09-20 22:42:28] INFO  org.springframework.scheduling.concurrent.ExecutorConfigurationSupport 171 initialize - Initializing ExecutorService 'applicationTaskExecutor'
[2019-09-20 22:42:28] INFO  org.springframework.boot.web.embedded.tomcat.TomcatWebServer 202 start - Tomcat started on port(s): 9090 (http) with context path ''
[2019-09-20 22:42:28] INFO  org.springframework.boot.StartupInfoLogger 59 logStarted - Started SpringbootApplication in 5.145 seconds (JVM running for 6.815)
[2019-09-20 22:42:33] INFO  org.apache.juli.logging.DirectJDKLog 173 log - Initializing Spring DispatcherServlet 'dispatcherServlet'
[2019-09-20 22:42:33] INFO  org.springframework.web.servlet.FrameworkServlet 524 initServletBean - Initializing Servlet 'dispatcherServlet'
[2019-09-20 22:42:33] INFO  org.springframework.web.servlet.FrameworkServlet 546 initServletBean - Completed initialization in 16 ms
[2019-09-20 22:42:33] INFO  com.base.springboot.controller.Admin.UserController 40 insertUser - info==============
[2019-09-20 22:42:33] INFO  com.alibaba.druid.pool.DruidDataSource 914 init - {dataSource-1} inited
[2019-09-20 22:45:17] INFO  org.springframework.scheduling.concurrent.ExecutorConfigurationSupport 208 shutdown - Shutting down ExecutorService 'applicationTaskExecutor'
[2019-09-20 22:45:17] INFO  com.alibaba.druid.pool.DruidDataSource 1689 close - {dataSource-1} closed
